# JRE version: Java(TM) SE Runtime Environment (11.0.3+12) (build 11.0.3+12-LTS)
# Java VM: Java HotSpot(TM) 64-Bit Server VM (11.0.3+12-LTS, mixed mode, tiered, compressed oops, g1 gc, windows-amd64)
Heap:
 garbage-first heap   total 189440K, used 111616K [0x0000000081000000, 0x0000000100000000)
  region size 1024K, 55 young (56320K), 9 survivors (9216K)
 Metaspace       used 45559K, capacity 46570K, committed 46716K, reserved 1091584K
  class space    used 4758K, capacity 5125K, committed 5248K, reserved 1048576K
GC Heap History (10 events):
Event: 11.767 GC heap before
{Heap before GC invocations=9 (full 0):
 garbage-first heap   total 157696K, used 100887K [0x0000000081000000, 0x0000000100000000)
  region size 1024K, 76 young (77824K), 9 survivors (9216K)
 Metaspace       used 32806K, capacity 33639K, committed 33788K, reserved 1079296K
  class space    used 3453K, capacity 3743K, committed 3840K, reserved 1048576K
}
Event: 11.786 GC heap after
{Heap after GC invocations=10 (full 0):
 garbage-first heap   total 157696K, used 44000K [0x0000000081000000, 0x0000000100000000)
  region size 1024K, 10 young (10240K), 10 survivors (10240K)
 Metaspace       used 32806K, capacity 33639K, committed 33788K, reserved 1079296K
  class space    used 3453K, capacity 3743K, committed 3840K, reserved 1048576K
}
Event: 12.375 GC heap before
{Heap before GC invocations=10 (full 0):
 garbage-first heap   total 157696K, used 61408K [0x0000000081000000, 0x0000000100000000)
  region size 1024K, 28 young (28672K), 10 survivors (10240K)
 Metaspace       used 35088K, capacity 35889K, committed 35964K, reserved 1081344K
  class space    used 3638K, capacity 3910K, committed 3968K, reserved 1048576K
}
Event: 12.391 GC heap after
{Heap after GC invocations=11 (full 0):
 garbage-first heap   total 157696K, used 46995K [0x0000000081000000, 0x0000000100000000)
  region size 1024K, 3 young (3072K), 3 survivors (3072K)
 Metaspace       used 35088K, capacity 35889K, committed 35964K, reserved 1081344K
  class space    used 3638K, capacity 3910K, committed 3968K, reserved 1048576K
}
Event: 13.482 GC heap before
{Heap before GC invocations=12 (full 0):
 garbage-first heap   total 157696K, used 101267K [0x0000000081000000, 0x0000000100000000)
  region size 1024K, 55 young (56320K), 3 survivors (3072K)
 Metaspace       used 41866K, capacity 42734K, committed 42876K, reserved 1087488K
  class space    used 4348K, capacity 4659K, committed 4736K, reserved 1048576K
}
Event: 13.498 GC heap after
{Heap after GC invocations=13 (full 0):
 garbage-first heap   total 189440K, used 54780K [0x0000000081000000, 0x0000000100000000)
  region size 1024K, 7 young (7168K), 7 survivors (7168K)
 Metaspace       used 41866K, capacity 42734K, committed 42876K, reserved 1087488K
  class space    used 4348K, capacity 4659K, committed 4736K, reserved 1048576K
}
Event: 14.990 GC heap before
{Heap before GC invocations=14 (full 0):
 garbage-first heap   total 189440K, used 122364K [0x0000000081000000, 0x0000000100000000)
  region size 1024K, 73 young (74752K), 7 survivors (7168K)
 Metaspace       used 45231K, capacity 46144K, committed 46332K, reserved 1091584K
  class space    used 4739K, capacity 5089K, committed 5120K, reserved 1048576K
}
Event: 15.006 GC heap after
{Heap after GC invocations=15 (full 0):
 garbage-first heap   total 189440K, used 58875K [0x0000000081000000, 0x0000000100000000)
  region size 1024K, 4 young (4096K), 4 survivors (4096K)
 Metaspace       used 45231K, capacity 46144K, committed 46332K, reserved 1091584K
  class space    used 4739K, capacity 5089K, committed 5120K, reserved 1048576K
}
Event: 15.308 GC heap before
{Heap before GC invocations=15 (full 0):
 garbage-first heap   total 189440K, used 128507K [0x0000000081000000, 0x0000000100000000)
  region size 1024K, 71 young (72704K), 4 survivors (4096K)
 Metaspace       used 45493K, capacity 46440K, committed 46716K, reserved 1091584K
  class space    used 4758K, capacity 5125K, committed 5248K, reserved 1048576K
}
Event: 15.317 GC heap after
{Heap after GC invocations=16 (full 0):
 garbage-first heap   total 189440K, used 66560K [0x0000000081000000, 0x0000000100000000)
  region size 1024K, 9 young (9216K), 9 survivors (9216K)
 Metaspace       used 45493K, capacity 46440K, committed 46716K, reserved 1091584K
  class space    used 4758K, capacity 5125K, committed 5248K, reserved 1048576K
}

